2024-08-10T06:02:46.367983Z DEBUG bot_controller/src/main.rs:136: listening on 0.0.0.0:8081
2024-08-10T06:02:46.382797Z DEBUG bot_controller/src/main.rs:105: started POST /terminate_all
2024-08-10T06:02:46.382859Z DEBUG bot_controller/src/main.rs:108: response generated in 62.953µs
2024-08-10T06:02:46.384562Z DEBUG bot_controller/src/main.rs:105: started POST /start
2024-08-10T06:02:46.384800Z DEBUG start_bot{start_bot=StartBot { bot_name: "blank_bot", bot_type: CppLinux, opponent_id: "2", player_num: One, match_id: 5, process_key: 9031, should_download: false }}: bot_controller/src/routes.rs:165: Bot log dir exists
2024-08-10T06:02:46.384823Z DEBUG start_bot{start_bot=StartBot { bot_name: "blank_bot", bot_type: CppLinux, opponent_id: "2", player_num: One, match_id: 5, process_key: 9031, should_download: false }}: bot_controller/src/routes.rs:170: Bot log path: "/logs/blank_bot/stderr.log"
2024-08-10T06:02:46.384860Z DEBUG start_bot{start_bot=StartBot { bot_name: "blank_bot", bot_type: CppLinux, opponent_id: "2", player_num: One, match_id: 5, process_key: 9031, should_download: false }}: bot_controller/src/routes.rs:182: Log files created: "/logs/blank_bot/stderr.log"
2024-08-10T06:02:46.384883Z DEBUG start_bot{start_bot=StartBot { bot_name: "blank_bot", bot_type: CppLinux, opponent_id: "2", player_num: One, match_id: 5, process_key: 9031, should_download: false }}: bot_controller/src/routes.rs:213: Setting bot file permissions
2024-08-10T06:02:46.384912Z DEBUG start_bot{start_bot=StartBot { bot_name: "blank_bot", bot_type: CppLinux, opponent_id: "2", player_num: One, match_id: 5, process_key: 9031, should_download: false }}: bot_controller/src/routes.rs:255: Starting bot with command cd "/bots/blank_bot" && "./blank_bot" "--GamePort" "8080" "--LadderServer" "127.0.0.1" "--StartPort" "8080" "--OpponentId" "2"
2024-08-10T06:03:18.463395Z DEBUG bot_controller/src/main.rs:108: response generated in 32.078831508s
2024-08-10T06:03:18.465238Z DEBUG bot_controller/src/main.rs:105: started GET /download/bot/blank_bot/log
2024-08-10T06:03:18.465292Z DEBUG download_bot_log{bot_name="blank_bot"}: bot_controller/src/routes.rs:358: Log path: "/logs/blank_bot/stderr.log"
2024-08-10T06:03:18.465546Z DEBUG bot_controller/src/main.rs:108: response generated in 309.18µs
2024-08-10T06:03:18.465619Z DEBUG bot_controller/src/main.rs:105: started GET /download/bot/blank_bot/data
2024-08-10T06:03:18.468927Z DEBUG bot_controller/src/main.rs:108: response generated in 3.306529ms
2024-08-10T06:03:18.510447Z DEBUG bot_controller/src/main.rs:105: started GET /download/controller_log
2024-08-10T06:03:18.510640Z DEBUG bot_controller/src/main.rs:108: response generated in 195.361µs
2024-08-10T06:03:18.559034Z DEBUG bot_controller/src/main.rs:105: started POST /terminate_all
2024-08-10T06:03:18.559091Z DEBUG bot_controller/src/main.rs:108: response generated in 58.995µs
2024-08-10T06:03:23.560605Z DEBUG bot_controller/src/main.rs:105: started POST /shutdown
2024-08-10T06:03:23.560654Z  INFO shutdown: common/src/api/process.rs:187: Shutdown request received. Terminating all running processes
2024-08-10T06:03:23.560676Z  INFO shutdown: common/src/api/process.rs:196: Shutting down...
2024-08-10T06:03:23.560696Z DEBUG bot_controller/src/main.rs:108: response generated in 93.32µs
